0 info it worked if it ends with ok
1 verbose cli [ '/usr/local/bin/node',
1 verbose cli   '/usr/local/bin/npm',
1 verbose cli   'install',
1 verbose cli   '--save',
1 verbose cli   'time' ]
2 info using npm@3.5.3
3 info using node@v5.2.0
4 silly loadCurrentTree Starting
5 silly install loadCurrentTree
6 silly install readLocalPackageData
7 silly fetchPackageMetaData time
8 silly fetchNamedPackageData time
9 silly mapToRegistry name time
10 silly mapToRegistry using default registry
11 silly mapToRegistry registry https://registry.npmjs.org/
12 silly mapToRegistry uri https://registry.npmjs.org/time
13 verbose request uri https://registry.npmjs.org/time
14 verbose request no auth needed
15 info attempt registry request try #1 at 22:21:02
16 verbose request id bf578b940392a873
17 verbose etag "C5TNG1UX4BE1J1JK6T7RSEAAP"
18 http request GET https://registry.npmjs.org/time
19 http 304 https://registry.npmjs.org/time
20 verbose headers { date: 'Wed, 20 Apr 2016 13:21:05 GMT',
20 verbose headers   via: '1.1 varnish',
20 verbose headers   'cache-control': 'max-age=300',
20 verbose headers   etag: '"C5TNG1UX4BE1J1JK6T7RSEAAP"',
20 verbose headers   age: '25',
20 verbose headers   connection: 'keep-alive',
20 verbose headers   'x-served-by': 'cache-ams4138-AMS',
20 verbose headers   'x-cache': 'HIT',
20 verbose headers   'x-cache-hits': '1',
20 verbose headers   'x-timer': 'S1461158465.280712,VS0,VE0',
20 verbose headers   vary: 'Accept-Encoding' }
21 silly get cb [ 304,
21 silly get   { date: 'Wed, 20 Apr 2016 13:21:05 GMT',
21 silly get     via: '1.1 varnish',
21 silly get     'cache-control': 'max-age=300',
21 silly get     etag: '"C5TNG1UX4BE1J1JK6T7RSEAAP"',
21 silly get     age: '25',
21 silly get     connection: 'keep-alive',
21 silly get     'x-served-by': 'cache-ams4138-AMS',
21 silly get     'x-cache': 'HIT',
21 silly get     'x-cache-hits': '1',
21 silly get     'x-timer': 'S1461158465.280712,VS0,VE0',
21 silly get     vary: 'Accept-Encoding' } ]
22 verbose etag https://registry.npmjs.org/time from cache
23 verbose get saving time to /Users/itagakishintarou/.npm/registry.npmjs.org/time/.cache.json
24 silly install normalizeTree
25 silly loadCurrentTree Finishing
26 silly loadIdealTree Starting
27 silly install loadIdealTree
28 silly cloneCurrentTree Starting
29 silly install cloneCurrentTreeToIdealTree
30 silly cloneCurrentTree Finishing
31 silly loadShrinkwrap Starting
32 silly install loadShrinkwrap
33 silly loadShrinkwrap Finishing
34 silly loadAllDepsIntoIdealTree Starting
35 silly install loadAllDepsIntoIdealTree
36 silly resolveWithNewModule time@0.11.4 checking installable status
37 silly cache add args [ 'time', null ]
38 verbose cache add spec time
39 silly cache add parsed spec Result {
39 silly cache add   raw: 'time',
39 silly cache add   scope: null,
39 silly cache add   name: 'time',
39 silly cache add   rawSpec: '',
39 silly cache add   spec: 'latest',
39 silly cache add   type: 'tag' }
40 silly addNamed time@latest
41 verbose addNamed "latest" is being treated as a dist-tag for time
42 info addNameTag [ 'time', 'latest' ]
43 silly mapToRegistry name time
44 silly mapToRegistry using default registry
45 silly mapToRegistry registry https://registry.npmjs.org/
46 silly mapToRegistry uri https://registry.npmjs.org/time
47 verbose addNameTag registry:https://registry.npmjs.org/time not in flight; fetching
48 verbose get https://registry.npmjs.org/time not expired, no request
49 silly addNameTag next cb for time with tag latest
50 silly addNamed time@0.11.4
51 verbose addNamed "0.11.4" is a plain semver version for time
52 silly cache afterAdd time@0.11.4
53 verbose afterAdd /Users/itagakishintarou/.npm/time/0.11.4/package/package.json not in flight; writing
54 verbose afterAdd /Users/itagakishintarou/.npm/time/0.11.4/package/package.json written
55 silly fetchNamedPackageData bindings
56 silly mapToRegistry name bindings
57 silly mapToRegistry using default registry
58 silly mapToRegistry registry https://registry.npmjs.org/
59 silly mapToRegistry uri https://registry.npmjs.org/bindings
60 silly fetchNamedPackageData nan
61 silly mapToRegistry name nan
62 silly mapToRegistry using default registry
63 silly mapToRegistry registry https://registry.npmjs.org/
64 silly mapToRegistry uri https://registry.npmjs.org/nan
65 verbose request uri https://registry.npmjs.org/bindings
66 verbose request no auth needed
67 info attempt registry request try #1 at 22:21:05
68 verbose etag "1LLBF9OH58DLBEL4629U6032D"
69 http request GET https://registry.npmjs.org/bindings
70 verbose request uri https://registry.npmjs.org/nan
71 verbose request no auth needed
72 info attempt registry request try #1 at 22:21:05
73 verbose etag "BAF0CH6FX7ZGID84VMUQ15OTR"
74 http request GET https://registry.npmjs.org/nan
75 http 304 https://registry.npmjs.org/nan
76 verbose headers { date: 'Wed, 20 Apr 2016 13:21:06 GMT',
76 verbose headers   via: '1.1 varnish',
76 verbose headers   'cache-control': 'max-age=300',
76 verbose headers   etag: '"BAF0CH6FX7ZGID84VMUQ15OTR"',
76 verbose headers   age: '243',
76 verbose headers   connection: 'keep-alive',
76 verbose headers   'x-served-by': 'cache-ams4136-AMS',
76 verbose headers   'x-cache': 'HIT',
76 verbose headers   'x-cache-hits': '10',
76 verbose headers   'x-timer': 'S1461158466.806312,VS0,VE0',
76 verbose headers   vary: 'Accept-Encoding' }
77 silly get cb [ 304,
77 silly get   { date: 'Wed, 20 Apr 2016 13:21:06 GMT',
77 silly get     via: '1.1 varnish',
77 silly get     'cache-control': 'max-age=300',
77 silly get     etag: '"BAF0CH6FX7ZGID84VMUQ15OTR"',
77 silly get     age: '243',
77 silly get     connection: 'keep-alive',
77 silly get     'x-served-by': 'cache-ams4136-AMS',
77 silly get     'x-cache': 'HIT',
77 silly get     'x-cache-hits': '10',
77 silly get     'x-timer': 'S1461158466.806312,VS0,VE0',
77 silly get     vary: 'Accept-Encoding' } ]
78 verbose etag https://registry.npmjs.org/nan from cache
79 verbose get saving nan to /Users/itagakishintarou/.npm/registry.npmjs.org/nan/.cache.json
80 http 304 https://registry.npmjs.org/bindings
81 verbose headers { date: 'Wed, 20 Apr 2016 13:21:06 GMT',
81 verbose headers   via: '1.1 varnish',
81 verbose headers   'cache-control': 'max-age=300',
81 verbose headers   etag: '"1LLBF9OH58DLBEL4629U6032D"',
81 verbose headers   age: '97',
81 verbose headers   connection: 'keep-alive',
81 verbose headers   'x-served-by': 'cache-ams4136-AMS',
81 verbose headers   'x-cache': 'HIT',
81 verbose headers   'x-cache-hits': '1',
81 verbose headers   'x-timer': 'S1461158466.810650,VS0,VE0',
81 verbose headers   vary: 'Accept-Encoding' }
82 silly get cb [ 304,
82 silly get   { date: 'Wed, 20 Apr 2016 13:21:06 GMT',
82 silly get     via: '1.1 varnish',
82 silly get     'cache-control': 'max-age=300',
82 silly get     etag: '"1LLBF9OH58DLBEL4629U6032D"',
82 silly get     age: '97',
82 silly get     connection: 'keep-alive',
82 silly get     'x-served-by': 'cache-ams4136-AMS',
82 silly get     'x-cache': 'HIT',
82 silly get     'x-cache-hits': '1',
82 silly get     'x-timer': 'S1461158466.810650,VS0,VE0',
82 silly get     vary: 'Accept-Encoding' } ]
83 verbose etag https://registry.npmjs.org/bindings from cache
84 verbose get saving bindings to /Users/itagakishintarou/.npm/registry.npmjs.org/bindings/.cache.json
85 silly resolveWithNewModule nan@2.2.1 checking installable status
86 silly cache add args [ 'nan@2', null ]
87 verbose cache add spec nan@2
88 silly cache add parsed spec Result {
88 silly cache add   raw: 'nan@2',
88 silly cache add   scope: null,
88 silly cache add   name: 'nan',
88 silly cache add   rawSpec: '2',
88 silly cache add   spec: '>=2.0.0 <3.0.0',
88 silly cache add   type: 'range' }
89 silly addNamed nan@>=2.0.0 <3.0.0
90 verbose addNamed ">=2.0.0 <3.0.0" is a valid semver range for nan
91 silly addNameRange { name: 'nan', range: '>=2.0.0 <3.0.0', hasData: false }
92 silly mapToRegistry name nan
93 silly mapToRegistry using default registry
94 silly mapToRegistry registry https://registry.npmjs.org/
95 silly mapToRegistry uri https://registry.npmjs.org/nan
96 verbose addNameRange registry:https://registry.npmjs.org/nan not in flight; fetching
97 silly resolveWithNewModule bindings@1.2.1 checking installable status
98 silly cache add args [ 'bindings@~1.2.0', null ]
99 verbose cache add spec bindings@~1.2.0
100 silly cache add parsed spec Result {
100 silly cache add   raw: 'bindings@~1.2.0',
100 silly cache add   scope: null,
100 silly cache add   name: 'bindings',
100 silly cache add   rawSpec: '~1.2.0',
100 silly cache add   spec: '>=1.2.0 <1.3.0',
100 silly cache add   type: 'range' }
101 silly addNamed bindings@>=1.2.0 <1.3.0
102 verbose addNamed ">=1.2.0 <1.3.0" is a valid semver range for bindings
103 silly addNameRange { name: 'bindings', range: '>=1.2.0 <1.3.0', hasData: false }
104 silly mapToRegistry name bindings
105 silly mapToRegistry using default registry
106 silly mapToRegistry registry https://registry.npmjs.org/
107 silly mapToRegistry uri https://registry.npmjs.org/bindings
108 verbose addNameRange registry:https://registry.npmjs.org/bindings not in flight; fetching
109 verbose get https://registry.npmjs.org/bindings not expired, no request
110 silly addNameRange number 2 { name: 'bindings', range: '>=1.2.0 <1.3.0', hasData: true }
111 silly addNameRange versions [ 'bindings',
111 silly addNameRange   [ '0.0.1',
111 silly addNameRange     '0.1.0',
111 silly addNameRange     '0.1.1',
111 silly addNameRange     '0.2.0',
111 silly addNameRange     '0.2.1',
111 silly addNameRange     '0.2.2',
111 silly addNameRange     '0.2.3',
111 silly addNameRange     '0.2.4',
111 silly addNameRange     '0.3.0',
111 silly addNameRange     '0.4.0',
111 silly addNameRange     '1.0.0',
111 silly addNameRange     '1.1.0',
111 silly addNameRange     '1.1.1',
111 silly addNameRange     '1.2.0',
111 silly addNameRange     '1.2.1' ] ]
112 silly addNamed bindings@1.2.1
113 verbose addNamed "1.2.1" is a plain semver version for bindings
114 verbose get https://registry.npmjs.org/nan not expired, no request
115 silly addNameRange number 2 { name: 'nan', range: '>=2.0.0 <3.0.0', hasData: true }
116 silly addNameRange versions [ 'nan',
116 silly addNameRange   [ '0.3.0-wip',
116 silly addNameRange     '0.3.0-wip2',
116 silly addNameRange     '0.3.0',
116 silly addNameRange     '0.3.1',
116 silly addNameRange     '0.3.2',
116 silly addNameRange     '0.4.0',
116 silly addNameRange     '0.4.1',
116 silly addNameRange     '0.4.2',
116 silly addNameRange     '0.4.3',
116 silly addNameRange     '0.4.4',
116 silly addNameRange     '0.5.0',
116 silly addNameRange     '0.5.1',
116 silly addNameRange     '0.5.2',
116 silly addNameRange     '0.6.0',
116 silly addNameRange     '0.7.0',
116 silly addNameRange     '0.7.1',
116 silly addNameRange     '0.8.0',
116 silly addNameRange     '1.0.0',
116 silly addNameRange     '1.1.0',
116 silly addNameRange     '1.1.1',
116 silly addNameRange     '1.1.2',
116 silly addNameRange     '1.2.0',
116 silly addNameRange     '1.3.0',
116 silly addNameRange     '1.4.0',
116 silly addNameRange     '1.4.1',
116 silly addNameRange     '1.5.0',
116 silly addNameRange     '1.4.2',
116 silly addNameRange     '1.4.3',
116 silly addNameRange     '1.5.1',
116 silly addNameRange     '1.5.2',
116 silly addNameRange     '1.6.0',
116 silly addNameRange     '1.5.3',
116 silly addNameRange     '1.6.1',
116 silly addNameRange     '1.6.2',
116 silly addNameRange     '1.7.0',
116 silly addNameRange     '1.8.0',
116 silly addNameRange     '1.8.1',
116 silly addNameRange     '1.8.2',
116 silly addNameRange     '1.8.3',
116 silly addNameRange     '1.8.4',
116 silly addNameRange     '1.9.0',
116 silly addNameRange     '2.0.0',
116 silly addNameRange     '2.0.1',
116 silly addNameRange     '2.0.2',
116 silly addNameRange     '2.0.3',
116 silly addNameRange     '2.0.4',
116 silly addNameRange     '2.0.5',
116 silly addNameRange     '2.0.6',
116 silly addNameRange     '2.0.7',
116 silly addNameRange     '2.0.8',
116 silly addNameRange     '2.0.9',
116 silly addNameRange     '2.1.0',
116 silly addNameRange     '2.2.0',
116 silly addNameRange     '2.2.1' ] ]
117 silly addNamed nan@2.2.1
118 verbose addNamed "2.2.1" is a plain semver version for nan
119 silly cache afterAdd bindings@1.2.1
120 verbose afterAdd /Users/itagakishintarou/.npm/bindings/1.2.1/package/package.json not in flight; writing
121 silly cache afterAdd nan@2.2.1
122 verbose afterAdd /Users/itagakishintarou/.npm/nan/2.2.1/package/package.json not in flight; writing
123 verbose afterAdd /Users/itagakishintarou/.npm/nan/2.2.1/package/package.json written
124 verbose afterAdd /Users/itagakishintarou/.npm/bindings/1.2.1/package/package.json written
125 silly loadAllDepsIntoIdealTree Finishing
126 silly idealTree:prePrune myhubot@0.0.0
126 silly idealTree:prePrune ├─┬ accepts@1.2.13
126 silly idealTree:prePrune │ ├── mime-db@1.22.0
126 silly idealTree:prePrune │ └── mime-types@2.1.10
126 silly idealTree:prePrune ├── ansi-regex@2.0.0
126 silly idealTree:prePrune ├── ansi-styles@2.2.1
126 silly idealTree:prePrune ├── asteroid@0.6.1
126 silly idealTree:prePrune ├── async@0.9.2
126 silly idealTree:prePrune ├── base64-url@1.2.1
126 silly idealTree:prePrune ├── basic-auth-connect@1.0.0
126 silly idealTree:prePrune ├── basic-auth@1.0.3
126 silly idealTree:prePrune ├── batch@0.5.3
126 silly idealTree:prePrune ├── bindings@1.2.1
126 silly idealTree:prePrune ├─┬ body-parser@1.13.3
126 silly idealTree:prePrune │ ├── ee-first@1.1.1
126 silly idealTree:prePrune │ ├── mime-db@1.22.0
126 silly idealTree:prePrune │ ├── mime-types@2.1.10
126 silly idealTree:prePrune │ ├── on-finished@2.3.0
126 silly idealTree:prePrune │ ├── qs@4.0.0
126 silly idealTree:prePrune │ └── type-is@1.6.12
126 silly idealTree:prePrune ├── bytes@2.1.0
126 silly idealTree:prePrune ├── chalk@1.1.3
126 silly idealTree:prePrune ├── cline@0.8.2
126 silly idealTree:prePrune ├── coffee-script@1.6.3
126 silly idealTree:prePrune ├── commander@2.6.0
126 silly idealTree:prePrune ├─┬ compressible@2.0.7
126 silly idealTree:prePrune │ └── mime-db@1.22.0
126 silly idealTree:prePrune ├── compression@1.5.2
126 silly idealTree:prePrune ├── connect-multiparty@1.2.5
126 silly idealTree:prePrune ├── connect-timeout@1.6.2
126 silly idealTree:prePrune ├─┬ connect@2.30.2
126 silly idealTree:prePrune │ ├── mime-db@1.22.0
126 silly idealTree:prePrune │ ├── mime-types@2.1.10
126 silly idealTree:prePrune │ ├── qs@4.0.0
126 silly idealTree:prePrune │ └── type-is@1.6.12
126 silly idealTree:prePrune ├── content-disposition@0.5.0
126 silly idealTree:prePrune ├── content-type@1.0.1
126 silly idealTree:prePrune ├── cookie-parser@1.3.5
126 silly idealTree:prePrune ├── cookie-signature@1.0.6
126 silly idealTree:prePrune ├── cookie@0.1.3
126 silly idealTree:prePrune ├── core-util-is@1.0.2
126 silly idealTree:prePrune ├── crc@3.3.0
126 silly idealTree:prePrune ├── cron@1.1.0
126 silly idealTree:prePrune ├── csrf@3.0.1
126 silly idealTree:prePrune ├── csurf@1.8.3
126 silly idealTree:prePrune ├── ddp.js@0.5.0
126 silly idealTree:prePrune ├── debug@2.2.0
126 silly idealTree:prePrune ├── depd@1.0.1
126 silly idealTree:prePrune ├── destroy@1.0.4
126 silly idealTree:prePrune ├── ee-first@1.1.0
126 silly idealTree:prePrune ├─┬ errorhandler@1.4.3
126 silly idealTree:prePrune │ ├── accepts@1.3.2
126 silly idealTree:prePrune │ ├── escape-html@1.0.3
126 silly idealTree:prePrune │ ├── mime-db@1.22.0
126 silly idealTree:prePrune │ ├── mime-types@2.1.10
126 silly idealTree:prePrune │ └── negotiator@0.6.0
126 silly idealTree:prePrune ├── escape-html@1.0.2
126 silly idealTree:prePrune ├── escape-string-regexp@1.0.5
126 silly idealTree:prePrune ├── etag@1.7.0
126 silly idealTree:prePrune ├─┬ express-session@1.11.3
126 silly idealTree:prePrune │ └── uid-safe@2.0.0
126 silly idealTree:prePrune ├── express@3.21.2
126 silly idealTree:prePrune ├── faye-websocket@0.10.0
126 silly idealTree:prePrune ├─┬ finalhandler@0.4.0
126 silly idealTree:prePrune │ ├── ee-first@1.1.1
126 silly idealTree:prePrune │ └── on-finished@2.3.0
126 silly idealTree:prePrune ├── forwarded@0.1.0
126 silly idealTree:prePrune ├── fresh@0.3.0
126 silly idealTree:prePrune ├── has-ansi@2.0.0
126 silly idealTree:prePrune ├── http-errors@1.3.1
126 silly idealTree:prePrune ├── hubot-cron@0.2.9
126 silly idealTree:prePrune ├── hubot-cronjob@0.2.1
126 silly idealTree:prePrune ├── hubot-diagnostics@0.0.1
126 silly idealTree:prePrune ├── hubot-google-images@0.2.6
126 silly idealTree:prePrune ├── hubot-google-translate@0.2.0
126 silly idealTree:prePrune ├── hubot-help@0.1.3
126 silly idealTree:prePrune ├── hubot-heroku-keepalive@1.0.2
126 silly idealTree:prePrune ├── hubot-maps@0.0.2
126 silly idealTree:prePrune ├── hubot-pugme@0.1.0
126 silly idealTree:prePrune ├── hubot-redis-brain@0.0.3
126 silly idealTree:prePrune ├── hubot-rocketchat@0.1.0
126 silly idealTree:prePrune ├── hubot-rules@0.1.1
126 silly idealTree:prePrune ├── hubot-scripts@2.16.2
126 silly idealTree:prePrune ├── hubot-shipit@0.2.0
126 silly idealTree:prePrune ├── hubot@2.18.0
126 silly idealTree:prePrune ├── iconv-lite@0.4.11
126 silly idealTree:prePrune ├── inherits@2.0.1
126 silly idealTree:prePrune ├── ipaddr.js@1.0.5
126 silly idealTree:prePrune ├── isarray@0.0.1
126 silly idealTree:prePrune ├── log@1.4.0
126 silly idealTree:prePrune ├── lru-cache@4.0.1
126 silly idealTree:prePrune ├── media-typer@0.3.0
126 silly idealTree:prePrune ├── merge-descriptors@1.0.0
126 silly idealTree:prePrune ├── method-override@2.3.5
126 silly idealTree:prePrune ├── methods@1.1.2
126 silly idealTree:prePrune ├── mime-db@1.12.0
126 silly idealTree:prePrune ├── mime-types@2.0.14
126 silly idealTree:prePrune ├── mime@1.3.4
126 silly idealTree:prePrune ├── minimist@0.0.8
126 silly idealTree:prePrune ├── mkdirp@0.5.1
126 silly idealTree:prePrune ├── moment-timezone@0.3.1
126 silly idealTree:prePrune ├── moment@2.13.0
126 silly idealTree:prePrune ├─┬ morgan@1.6.1
126 silly idealTree:prePrune │ ├── ee-first@1.1.1
126 silly idealTree:prePrune │ └── on-finished@2.3.0
126 silly idealTree:prePrune ├── ms@0.7.1
126 silly idealTree:prePrune ├── multiparty@3.3.2
126 silly idealTree:prePrune ├── nan@2.2.1
126 silly idealTree:prePrune ├── negotiator@0.5.3
126 silly idealTree:prePrune ├── on-finished@2.1.1
126 silly idealTree:prePrune ├── on-headers@1.0.1
126 silly idealTree:prePrune ├── optparse@1.0.4
126 silly idealTree:prePrune ├── parent-require@1.0.0
126 silly idealTree:prePrune ├── parseurl@1.3.1
126 silly idealTree:prePrune ├── pause@0.1.0
126 silly idealTree:prePrune ├── proxy-addr@1.0.10
126 silly idealTree:prePrune ├── pseudomap@1.0.2
126 silly idealTree:prePrune ├── q@1.4.1
126 silly idealTree:prePrune ├── qs@2.2.5
126 silly idealTree:prePrune ├── random-bytes@1.0.0
126 silly idealTree:prePrune ├── range-parser@1.0.3
126 silly idealTree:prePrune ├─┬ raw-body@2.1.6
126 silly idealTree:prePrune │ ├── bytes@2.3.0
126 silly idealTree:prePrune │ └── iconv-lite@0.4.13
126 silly idealTree:prePrune ├── readable-stream@1.1.14
126 silly idealTree:prePrune ├── redis@0.8.4
126 silly idealTree:prePrune ├── response-time@2.3.1
126 silly idealTree:prePrune ├── rndm@1.2.0
126 silly idealTree:prePrune ├── scmp@1.0.0
126 silly idealTree:prePrune ├── scoped-http-client@0.11.0
126 silly idealTree:prePrune ├─┬ send@0.13.0
126 silly idealTree:prePrune │ ├── destroy@1.0.3
126 silly idealTree:prePrune │ ├── ee-first@1.1.1
126 silly idealTree:prePrune │ └── on-finished@2.3.0
126 silly idealTree:prePrune ├── serve-favicon@2.3.0
126 silly idealTree:prePrune ├─┬ serve-index@1.7.3
126 silly idealTree:prePrune │ ├── escape-html@1.0.3
126 silly idealTree:prePrune │ ├── mime-db@1.22.0
126 silly idealTree:prePrune │ └── mime-types@2.1.10
126 silly idealTree:prePrune ├─┬ serve-static@1.10.2
126 silly idealTree:prePrune │ ├── depd@1.1.0
126 silly idealTree:prePrune │ ├── ee-first@1.1.1
126 silly idealTree:prePrune │ ├── escape-html@1.0.3
126 silly idealTree:prePrune │ ├── on-finished@2.3.0
126 silly idealTree:prePrune │ └── send@0.13.1
126 silly idealTree:prePrune ├── statuses@1.2.1
126 silly idealTree:prePrune ├── stream-counter@0.2.0
126 silly idealTree:prePrune ├── string_decoder@0.10.31
126 silly idealTree:prePrune ├── strip-ansi@3.0.1
126 silly idealTree:prePrune ├── supports-color@2.0.0
126 silly idealTree:prePrune ├── time@0.11.4
126 silly idealTree:prePrune ├── type-is@1.5.7
126 silly idealTree:prePrune ├── uid-safe@2.1.0
126 silly idealTree:prePrune ├── unpipe@1.0.0
126 silly idealTree:prePrune ├── utils-merge@1.0.0
126 silly idealTree:prePrune ├── vary@1.0.1
126 silly idealTree:prePrune ├── vhost@3.0.2
126 silly idealTree:prePrune ├── websocket-driver@0.6.4
126 silly idealTree:prePrune ├── websocket-extensions@0.1.1
126 silly idealTree:prePrune └── yallist@2.0.0
127 silly loadIdealTree Finishing
128 silly currentTree myhubot@0.0.0
128 silly currentTree ├─┬ accepts@1.2.13
128 silly currentTree │ ├── mime-db@1.22.0
128 silly currentTree │ └── mime-types@2.1.10
128 silly currentTree ├── ansi-regex@2.0.0
128 silly currentTree ├── ansi-styles@2.2.1
128 silly currentTree ├── asteroid@0.6.1
128 silly currentTree ├── async@0.9.2
128 silly currentTree ├── base64-url@1.2.1
128 silly currentTree ├── basic-auth-connect@1.0.0
128 silly currentTree ├── basic-auth@1.0.3
128 silly currentTree ├── batch@0.5.3
128 silly currentTree ├─┬ body-parser@1.13.3
128 silly currentTree │ ├── ee-first@1.1.1
128 silly currentTree │ ├── mime-db@1.22.0
128 silly currentTree │ ├── mime-types@2.1.10
128 silly currentTree │ ├── on-finished@2.3.0
128 silly currentTree │ ├── qs@4.0.0
128 silly currentTree │ └── type-is@1.6.12
128 silly currentTree ├── bytes@2.1.0
128 silly currentTree ├── chalk@1.1.3
128 silly currentTree ├── cline@0.8.2
128 silly currentTree ├── coffee-script@1.6.3
128 silly currentTree ├── commander@2.6.0
128 silly currentTree ├─┬ compressible@2.0.7
128 silly currentTree │ └── mime-db@1.22.0
128 silly currentTree ├── compression@1.5.2
128 silly currentTree ├── connect-multiparty@1.2.5
128 silly currentTree ├── connect-timeout@1.6.2
128 silly currentTree ├─┬ connect@2.30.2
128 silly currentTree │ ├── mime-db@1.22.0
128 silly currentTree │ ├── mime-types@2.1.10
128 silly currentTree │ ├── qs@4.0.0
128 silly currentTree │ └── type-is@1.6.12
128 silly currentTree ├── content-disposition@0.5.0
128 silly currentTree ├── content-type@1.0.1
128 silly currentTree ├── cookie-parser@1.3.5
128 silly currentTree ├── cookie-signature@1.0.6
128 silly currentTree ├── cookie@0.1.3
128 silly currentTree ├── core-util-is@1.0.2
128 silly currentTree ├── crc@3.3.0
128 silly currentTree ├── cron@1.1.0
128 silly currentTree ├── csrf@3.0.1
128 silly currentTree ├── csurf@1.8.3
128 silly currentTree ├── ddp.js@0.5.0
128 silly currentTree ├── debug@2.2.0
128 silly currentTree ├── depd@1.0.1
128 silly currentTree ├── destroy@1.0.4
128 silly currentTree ├── ee-first@1.1.0
128 silly currentTree ├─┬ errorhandler@1.4.3
128 silly currentTree │ ├── accepts@1.3.2
128 silly currentTree │ ├── escape-html@1.0.3
128 silly currentTree │ ├── mime-db@1.22.0
128 silly currentTree │ ├── mime-types@2.1.10
128 silly currentTree │ └── negotiator@0.6.0
128 silly currentTree ├── escape-html@1.0.2
128 silly currentTree ├── escape-string-regexp@1.0.5
128 silly currentTree ├── etag@1.7.0
128 silly currentTree ├─┬ express-session@1.11.3
128 silly currentTree │ └── uid-safe@2.0.0
128 silly currentTree ├── express@3.21.2
128 silly currentTree ├── faye-websocket@0.10.0
128 silly currentTree ├─┬ finalhandler@0.4.0
128 silly currentTree │ ├── ee-first@1.1.1
128 silly currentTree │ └── on-finished@2.3.0
128 silly currentTree ├── forwarded@0.1.0
128 silly currentTree ├── fresh@0.3.0
128 silly currentTree ├── has-ansi@2.0.0
128 silly currentTree ├── http-errors@1.3.1
128 silly currentTree ├── hubot-cron@0.2.9
128 silly currentTree ├── hubot-cronjob@0.2.1
128 silly currentTree ├── hubot-diagnostics@0.0.1
128 silly currentTree ├── hubot-google-images@0.2.6
128 silly currentTree ├── hubot-google-translate@0.2.0
128 silly currentTree ├── hubot-help@0.1.3
128 silly currentTree ├── hubot-heroku-keepalive@1.0.2
128 silly currentTree ├── hubot-maps@0.0.2
128 silly currentTree ├── hubot-pugme@0.1.0
128 silly currentTree ├── hubot-redis-brain@0.0.3
128 silly currentTree ├── hubot-rocketchat@0.1.0
128 silly currentTree ├── hubot-rules@0.1.1
128 silly currentTree ├── hubot-scripts@2.16.2
128 silly currentTree ├── hubot-shipit@0.2.0
128 silly currentTree ├── hubot@2.18.0
128 silly currentTree ├── iconv-lite@0.4.11
128 silly currentTree ├── inherits@2.0.1
128 silly currentTree ├── ipaddr.js@1.0.5
128 silly currentTree ├── isarray@0.0.1
128 silly currentTree ├── log@1.4.0
128 silly currentTree ├── lru-cache@4.0.1
128 silly currentTree ├── media-typer@0.3.0
128 silly currentTree ├── merge-descriptors@1.0.0
128 silly currentTree ├── method-override@2.3.5
128 silly currentTree ├── methods@1.1.2
128 silly currentTree ├── mime-db@1.12.0
128 silly currentTree ├── mime-types@2.0.14
128 silly currentTree ├── mime@1.3.4
128 silly currentTree ├── minimist@0.0.8
128 silly currentTree ├── mkdirp@0.5.1
128 silly currentTree ├── moment-timezone@0.3.1
128 silly currentTree ├── moment@2.13.0
128 silly currentTree ├─┬ morgan@1.6.1
128 silly currentTree │ ├── ee-first@1.1.1
128 silly currentTree │ └── on-finished@2.3.0
128 silly currentTree ├── ms@0.7.1
128 silly currentTree ├── multiparty@3.3.2
128 silly currentTree ├── negotiator@0.5.3
128 silly currentTree ├── on-finished@2.1.1
128 silly currentTree ├── on-headers@1.0.1
128 silly currentTree ├── optparse@1.0.4
128 silly currentTree ├── parent-require@1.0.0
128 silly currentTree ├── parseurl@1.3.1
128 silly currentTree ├── pause@0.1.0
128 silly currentTree ├── proxy-addr@1.0.10
128 silly currentTree ├── pseudomap@1.0.2
128 silly currentTree ├── q@1.4.1
128 silly currentTree ├── qs@2.2.5
128 silly currentTree ├── random-bytes@1.0.0
128 silly currentTree ├── range-parser@1.0.3
128 silly currentTree ├─┬ raw-body@2.1.6
128 silly currentTree │ ├── bytes@2.3.0
128 silly currentTree │ └── iconv-lite@0.4.13
128 silly currentTree ├── readable-stream@1.1.14
128 silly currentTree ├── redis@0.8.4
128 silly currentTree ├── response-time@2.3.1
128 silly currentTree ├── rndm@1.2.0
128 silly currentTree ├── scmp@1.0.0
128 silly currentTree ├── scoped-http-client@0.11.0
128 silly currentTree ├─┬ send@0.13.0
128 silly currentTree │ ├── destroy@1.0.3
128 silly currentTree │ ├── ee-first@1.1.1
128 silly currentTree │ └── on-finished@2.3.0
128 silly currentTree ├── serve-favicon@2.3.0
128 silly currentTree ├─┬ serve-index@1.7.3
128 silly currentTree │ ├── escape-html@1.0.3
128 silly currentTree │ ├── mime-db@1.22.0
128 silly currentTree │ └── mime-types@2.1.10
128 silly currentTree ├─┬ serve-static@1.10.2
128 silly currentTree │ ├── depd@1.1.0
128 silly currentTree │ ├── ee-first@1.1.1
128 silly currentTree │ ├── escape-html@1.0.3
128 silly currentTree │ ├── on-finished@2.3.0
128 silly currentTree │ └── send@0.13.1
128 silly currentTree ├── statuses@1.2.1
128 silly currentTree ├── stream-counter@0.2.0
128 silly currentTree ├── string_decoder@0.10.31
128 silly currentTree ├── strip-ansi@3.0.1
128 silly currentTree ├── supports-color@2.0.0
128 silly currentTree ├── type-is@1.5.7
128 silly currentTree ├── uid-safe@2.1.0
128 silly currentTree ├── unpipe@1.0.0
128 silly currentTree ├── utils-merge@1.0.0
128 silly currentTree ├── vary@1.0.1
128 silly currentTree ├── vhost@3.0.2
128 silly currentTree ├── websocket-driver@0.6.4
128 silly currentTree ├── websocket-extensions@0.1.1
128 silly currentTree └── yallist@2.0.0
129 silly idealTree myhubot@0.0.0
129 silly idealTree ├─┬ accepts@1.2.13
129 silly idealTree │ ├── mime-db@1.22.0
129 silly idealTree │ └── mime-types@2.1.10
129 silly idealTree ├── ansi-regex@2.0.0
129 silly idealTree ├── ansi-styles@2.2.1
129 silly idealTree ├── asteroid@0.6.1
129 silly idealTree ├── async@0.9.2
129 silly idealTree ├── base64-url@1.2.1
129 silly idealTree ├── basic-auth-connect@1.0.0
129 silly idealTree ├── basic-auth@1.0.3
129 silly idealTree ├── batch@0.5.3
129 silly idealTree ├── bindings@1.2.1
129 silly idealTree ├─┬ body-parser@1.13.3
129 silly idealTree │ ├── ee-first@1.1.1
129 silly idealTree │ ├── mime-db@1.22.0
129 silly idealTree │ ├── mime-types@2.1.10
129 silly idealTree │ ├── on-finished@2.3.0
129 silly idealTree │ ├── qs@4.0.0
129 silly idealTree │ └── type-is@1.6.12
129 silly idealTree ├── bytes@2.1.0
129 silly idealTree ├── chalk@1.1.3
129 silly idealTree ├── cline@0.8.2
129 silly idealTree ├── coffee-script@1.6.3
129 silly idealTree ├── commander@2.6.0
129 silly idealTree ├─┬ compressible@2.0.7
129 silly idealTree │ └── mime-db@1.22.0
129 silly idealTree ├── compression@1.5.2
129 silly idealTree ├── connect-multiparty@1.2.5
129 silly idealTree ├── connect-timeout@1.6.2
129 silly idealTree ├─┬ connect@2.30.2
129 silly idealTree │ ├── mime-db@1.22.0
129 silly idealTree │ ├── mime-types@2.1.10
129 silly idealTree │ ├── qs@4.0.0
129 silly idealTree │ └── type-is@1.6.12
129 silly idealTree ├── content-disposition@0.5.0
129 silly idealTree ├── content-type@1.0.1
129 silly idealTree ├── cookie-parser@1.3.5
129 silly idealTree ├── cookie-signature@1.0.6
129 silly idealTree ├── cookie@0.1.3
129 silly idealTree ├── core-util-is@1.0.2
129 silly idealTree ├── crc@3.3.0
129 silly idealTree ├── cron@1.1.0
129 silly idealTree ├── csrf@3.0.1
129 silly idealTree ├── csurf@1.8.3
129 silly idealTree ├── ddp.js@0.5.0
129 silly idealTree ├── debug@2.2.0
129 silly idealTree ├── depd@1.0.1
129 silly idealTree ├── destroy@1.0.4
129 silly idealTree ├── ee-first@1.1.0
129 silly idealTree ├─┬ errorhandler@1.4.3
129 silly idealTree │ ├── accepts@1.3.2
129 silly idealTree │ ├── escape-html@1.0.3
129 silly idealTree │ ├── mime-db@1.22.0
129 silly idealTree │ ├── mime-types@2.1.10
129 silly idealTree │ └── negotiator@0.6.0
129 silly idealTree ├── escape-html@1.0.2
129 silly idealTree ├── escape-string-regexp@1.0.5
129 silly idealTree ├── etag@1.7.0
129 silly idealTree ├─┬ express-session@1.11.3
129 silly idealTree │ └── uid-safe@2.0.0
129 silly idealTree ├── express@3.21.2
129 silly idealTree ├── faye-websocket@0.10.0
129 silly idealTree ├─┬ finalhandler@0.4.0
129 silly idealTree │ ├── ee-first@1.1.1
129 silly idealTree │ └── on-finished@2.3.0
129 silly idealTree ├── forwarded@0.1.0
129 silly idealTree ├── fresh@0.3.0
129 silly idealTree ├── has-ansi@2.0.0
129 silly idealTree ├── http-errors@1.3.1
129 silly idealTree ├── hubot-cron@0.2.9
129 silly idealTree ├── hubot-cronjob@0.2.1
129 silly idealTree ├── hubot-diagnostics@0.0.1
129 silly idealTree ├── hubot-google-images@0.2.6
129 silly idealTree ├── hubot-google-translate@0.2.0
129 silly idealTree ├── hubot-help@0.1.3
129 silly idealTree ├── hubot-heroku-keepalive@1.0.2
129 silly idealTree ├── hubot-maps@0.0.2
129 silly idealTree ├── hubot-pugme@0.1.0
129 silly idealTree ├── hubot-redis-brain@0.0.3
129 silly idealTree ├── hubot-rocketchat@0.1.0
129 silly idealTree ├── hubot-rules@0.1.1
129 silly idealTree ├── hubot-scripts@2.16.2
129 silly idealTree ├── hubot-shipit@0.2.0
129 silly idealTree ├── hubot@2.18.0
129 silly idealTree ├── iconv-lite@0.4.11
129 silly idealTree ├── inherits@2.0.1
129 silly idealTree ├── ipaddr.js@1.0.5
129 silly idealTree ├── isarray@0.0.1
129 silly idealTree ├── log@1.4.0
129 silly idealTree ├── lru-cache@4.0.1
129 silly idealTree ├── media-typer@0.3.0
129 silly idealTree ├── merge-descriptors@1.0.0
129 silly idealTree ├── method-override@2.3.5
129 silly idealTree ├── methods@1.1.2
129 silly idealTree ├── mime-db@1.12.0
129 silly idealTree ├── mime-types@2.0.14
129 silly idealTree ├── mime@1.3.4
129 silly idealTree ├── minimist@0.0.8
129 silly idealTree ├── mkdirp@0.5.1
129 silly idealTree ├── moment-timezone@0.3.1
129 silly idealTree ├── moment@2.13.0
129 silly idealTree ├─┬ morgan@1.6.1
129 silly idealTree │ ├── ee-first@1.1.1
129 silly idealTree │ └── on-finished@2.3.0
129 silly idealTree ├── ms@0.7.1
129 silly idealTree ├── multiparty@3.3.2
129 silly idealTree ├── nan@2.2.1
129 silly idealTree ├── negotiator@0.5.3
129 silly idealTree ├── on-finished@2.1.1
129 silly idealTree ├── on-headers@1.0.1
129 silly idealTree ├── optparse@1.0.4
129 silly idealTree ├── parent-require@1.0.0
129 silly idealTree ├── parseurl@1.3.1
129 silly idealTree ├── pause@0.1.0
129 silly idealTree ├── proxy-addr@1.0.10
129 silly idealTree ├── pseudomap@1.0.2
129 silly idealTree ├── q@1.4.1
129 silly idealTree ├── qs@2.2.5
129 silly idealTree ├── random-bytes@1.0.0
129 silly idealTree ├── range-parser@1.0.3
129 silly idealTree ├─┬ raw-body@2.1.6
129 silly idealTree │ ├── bytes@2.3.0
129 silly idealTree │ └── iconv-lite@0.4.13
129 silly idealTree ├── readable-stream@1.1.14
129 silly idealTree ├── redis@0.8.4
129 silly idealTree ├── response-time@2.3.1
129 silly idealTree ├── rndm@1.2.0
129 silly idealTree ├── scmp@1.0.0
129 silly idealTree ├── scoped-http-client@0.11.0
129 silly idealTree ├─┬ send@0.13.0
129 silly idealTree │ ├── destroy@1.0.3
129 silly idealTree │ ├── ee-first@1.1.1
129 silly idealTree │ └── on-finished@2.3.0
129 silly idealTree ├── serve-favicon@2.3.0
129 silly idealTree ├─┬ serve-index@1.7.3
129 silly idealTree │ ├── escape-html@1.0.3
129 silly idealTree │ ├── mime-db@1.22.0
129 silly idealTree │ └── mime-types@2.1.10
129 silly idealTree ├─┬ serve-static@1.10.2
129 silly idealTree │ ├── depd@1.1.0
129 silly idealTree │ ├── ee-first@1.1.1
129 silly idealTree │ ├── escape-html@1.0.3
129 silly idealTree │ ├── on-finished@2.3.0
129 silly idealTree │ └── send@0.13.1
129 silly idealTree ├── statuses@1.2.1
129 silly idealTree ├── stream-counter@0.2.0
129 silly idealTree ├── string_decoder@0.10.31
129 silly idealTree ├── strip-ansi@3.0.1
129 silly idealTree ├── supports-color@2.0.0
129 silly idealTree ├── time@0.11.4
129 silly idealTree ├── type-is@1.5.7
129 silly idealTree ├── uid-safe@2.1.0
129 silly idealTree ├── unpipe@1.0.0
129 silly idealTree ├── utils-merge@1.0.0
129 silly idealTree ├── vary@1.0.1
129 silly idealTree ├── vhost@3.0.2
129 silly idealTree ├── websocket-driver@0.6.4
129 silly idealTree ├── websocket-extensions@0.1.1
129 silly idealTree └── yallist@2.0.0
130 silly generateActionsToTake Starting
131 silly install generateActionsToTake
132 silly generateActionsToTake Finishing
133 silly diffTrees action count 3
134 silly diffTrees add bindings@1.2.1
135 silly diffTrees add nan@2.2.1
136 silly diffTrees add time@0.11.4
137 silly decomposeActions action count 24
138 silly decomposeActions fetch bindings@1.2.1
139 silly decomposeActions extract bindings@1.2.1
140 silly decomposeActions test bindings@1.2.1
141 silly decomposeActions preinstall bindings@1.2.1
142 silly decomposeActions build bindings@1.2.1
143 silly decomposeActions install bindings@1.2.1
144 silly decomposeActions postinstall bindings@1.2.1
145 silly decomposeActions finalize bindings@1.2.1
146 silly decomposeActions fetch nan@2.2.1
147 silly decomposeActions extract nan@2.2.1
148 silly decomposeActions test nan@2.2.1
149 silly decomposeActions preinstall nan@2.2.1
150 silly decomposeActions build nan@2.2.1
151 silly decomposeActions install nan@2.2.1
152 silly decomposeActions postinstall nan@2.2.1
153 silly decomposeActions finalize nan@2.2.1
154 silly decomposeActions fetch time@0.11.4
155 silly decomposeActions extract time@0.11.4
156 silly decomposeActions test time@0.11.4
157 silly decomposeActions preinstall time@0.11.4
158 silly decomposeActions build time@0.11.4
159 silly decomposeActions install time@0.11.4
160 silly decomposeActions postinstall time@0.11.4
161 silly decomposeActions finalize time@0.11.4
162 silly executeActions Starting
163 silly install executeActions
164 silly doSerial global-install 0
165 silly doParallel fetch 3
166 verbose lock using /Users/itagakishintarou/.npm/_locks/staging-0bc0308bd5853c07.lock for /Users/itagakishintarou/git/myhubot/node_modules/.staging
167 silly doParallel extract 3
168 silly extract bindings@1.2.1
169 silly extract nan@2.2.1
170 silly extract time@0.11.4
171 verbose unbuild node_modules/.staging/bindings-2cff9463
172 verbose unbuild node_modules/.staging/nan-3b408e13
173 verbose unbuild node_modules/.staging/time-2fc661dd
174 silly gentlyRm /Users/itagakishintarou/git/myhubot/node_modules/.staging/bindings-2cff9463 is being purged from base /Users/itagakishintarou/git/myhubot
175 verbose gentlyRm don't care about contents; nuking /Users/itagakishintarou/git/myhubot/node_modules/.staging/bindings-2cff9463
176 silly gentlyRm /Users/itagakishintarou/git/myhubot/node_modules/.staging/nan-3b408e13 is being purged from base /Users/itagakishintarou/git/myhubot
177 verbose gentlyRm don't care about contents; nuking /Users/itagakishintarou/git/myhubot/node_modules/.staging/nan-3b408e13
178 silly gentlyRm /Users/itagakishintarou/git/myhubot/node_modules/.staging/time-2fc661dd is being purged from base /Users/itagakishintarou/git/myhubot
179 verbose gentlyRm don't care about contents; nuking /Users/itagakishintarou/git/myhubot/node_modules/.staging/time-2fc661dd
180 verbose tar unpack /Users/itagakishintarou/.npm/bindings/1.2.1/package.tgz
181 verbose tar unpacking to /Users/itagakishintarou/git/myhubot/node_modules/.staging/bindings-2cff9463
182 silly gentlyRm /Users/itagakishintarou/git/myhubot/node_modules/.staging/bindings-2cff9463 is being purged
183 verbose gentlyRm don't care about contents; nuking /Users/itagakishintarou/git/myhubot/node_modules/.staging/bindings-2cff9463
184 verbose tar unpack /Users/itagakishintarou/.npm/nan/2.2.1/package.tgz
185 verbose tar unpacking to /Users/itagakishintarou/git/myhubot/node_modules/.staging/nan-3b408e13
186 silly gentlyRm /Users/itagakishintarou/git/myhubot/node_modules/.staging/nan-3b408e13 is being purged
187 verbose gentlyRm don't care about contents; nuking /Users/itagakishintarou/git/myhubot/node_modules/.staging/nan-3b408e13
188 verbose tar unpack /Users/itagakishintarou/.npm/time/0.11.4/package.tgz
189 verbose tar unpacking to /Users/itagakishintarou/git/myhubot/node_modules/.staging/time-2fc661dd
190 silly gentlyRm /Users/itagakishintarou/git/myhubot/node_modules/.staging/time-2fc661dd is being purged
191 verbose gentlyRm don't care about contents; nuking /Users/itagakishintarou/git/myhubot/node_modules/.staging/time-2fc661dd
192 silly gunzTarPerm modes [ '755', '644' ]
193 silly gunzTarPerm modes [ '755', '644' ]
194 silly gunzTarPerm modes [ '755', '644' ]
195 silly gunzTarPerm extractEntry package.json
196 silly gunzTarPerm extractEntry package.json
197 silly gunzTarPerm modified mode [ 'package.json', 436, 420 ]
198 silly gunzTarPerm extractEntry package.json
199 silly gunzTarPerm extractEntry README.md
200 silly gunzTarPerm extractEntry bindings.js
201 silly gunzTarPerm extractEntry include_dirs.js
202 silly gunzTarPerm modified mode [ 'include_dirs.js', 436, 420 ]
203 silly gunzTarPerm extractEntry nan_converters.h
204 silly gunzTarPerm modified mode [ 'nan_converters.h', 436, 420 ]
205 silly gunzTarPerm extractEntry .npmignore
206 silly gunzTarPerm extractEntry README.md
207 silly gunzTarPerm extractEntry LICENSE.md
208 silly gunzTarPerm modified mode [ 'LICENSE.md', 436, 420 ]
209 silly gunzTarPerm extractEntry .dntrc
210 silly gunzTarPerm modified mode [ '.dntrc', 436, 420 ]
211 silly gunzTarPerm extractEntry LICENSE
212 silly gunzTarPerm extractEntry index.js
213 silly gunzTarPerm extractEntry binding.gyp
214 silly gunzTarPerm extractEntry appveyor.yml
215 silly gunzTarPerm modified mode [ 'appveyor.yml', 436, 420 ]
216 silly gunzTarPerm extractEntry doc/new.md
217 silly gunzTarPerm modified mode [ 'doc/new.md', 436, 420 ]
218 silly gunzTarPerm extractEntry .jshintrc
219 silly gunzTarPerm extractEntry .travis.yml
220 silly gunzTarPerm extractEntry doc/.build.sh
221 silly gunzTarPerm modified mode [ 'doc/.build.sh', 509, 493 ]
222 silly gunzTarPerm extractEntry History.md
223 silly gunzTarPerm extractEntry src/time.cc
224 silly gunzTarPerm extractEntry test/date.js
225 silly gunzTarPerm extractEntry doc/buffers.md
226 silly gunzTarPerm modified mode [ 'doc/buffers.md', 436, 420 ]
227 silly gunzTarPerm extractEntry doc/callback.md
228 silly gunzTarPerm modified mode [ 'doc/callback.md', 436, 420 ]
229 silly gentlyRm /Users/itagakishintarou/git/myhubot/node_modules/.staging/bindings-2cff9463/node_modules is being purged
230 verbose gentlyRm don't care about contents; nuking /Users/itagakishintarou/git/myhubot/node_modules/.staging/bindings-2cff9463/node_modules
231 silly gunzTarPerm extractEntry test/exports.js
232 silly gunzTarPerm extractEntry doc/converters.md
233 silly gunzTarPerm modified mode [ 'doc/converters.md', 436, 420 ]
234 silly gunzTarPerm extractEntry doc/errors.md
235 silly gunzTarPerm modified mode [ 'doc/errors.md', 436, 420 ]
236 silly gunzTarPerm extractEntry test/tzset.js
237 silly gunzTarPerm extractEntry doc/maybe_types.md
238 silly gunzTarPerm modified mode [ 'doc/maybe_types.md', 436, 420 ]
239 silly gunzTarPerm extractEntry doc/methods.md
240 silly gunzTarPerm modified mode [ 'doc/methods.md', 436, 420 ]
241 silly gunzTarPerm extractEntry doc/asyncworker.md
242 silly gunzTarPerm modified mode [ 'doc/asyncworker.md', 436, 420 ]
243 silly gunzTarPerm extractEntry doc/node_misc.md
244 silly gunzTarPerm modified mode [ 'doc/node_misc.md', 436, 420 ]
245 silly gunzTarPerm extractEntry doc/object_wrappers.md
246 silly gunzTarPerm modified mode [ 'doc/object_wrappers.md', 436, 420 ]
247 silly gunzTarPerm extractEntry doc/persistent.md
248 silly gunzTarPerm modified mode [ 'doc/persistent.md', 436, 420 ]
249 silly gunzTarPerm extractEntry doc/scopes.md
250 silly gunzTarPerm modified mode [ 'doc/scopes.md', 436, 420 ]
251 silly gunzTarPerm extractEntry doc/script.md
252 silly gunzTarPerm modified mode [ 'doc/script.md', 436, 420 ]
253 silly gunzTarPerm extractEntry doc/string_bytes.md
254 silly gunzTarPerm modified mode [ 'doc/string_bytes.md', 436, 420 ]
255 silly gunzTarPerm extractEntry doc/v8_internals.md
256 silly gunzTarPerm modified mode [ 'doc/v8_internals.md', 436, 420 ]
257 silly gunzTarPerm extractEntry doc/v8_misc.md
258 silly gunzTarPerm modified mode [ 'doc/v8_misc.md', 436, 420 ]
259 silly gunzTarPerm extractEntry nan.h
260 silly gunzTarPerm modified mode [ 'nan.h', 436, 420 ]
261 silly gunzTarPerm extractEntry nan_callbacks.h
262 silly gunzTarPerm modified mode [ 'nan_callbacks.h', 436, 420 ]
263 silly gunzTarPerm extractEntry nan_callbacks_12_inl.h
264 silly gunzTarPerm modified mode [ 'nan_callbacks_12_inl.h', 436, 420 ]
265 silly gunzTarPerm extractEntry nan_callbacks_pre_12_inl.h
266 silly gunzTarPerm modified mode [ 'nan_callbacks_pre_12_inl.h', 436, 420 ]
267 silly gunzTarPerm extractEntry nan_converters_43_inl.h
268 silly gunzTarPerm modified mode [ 'nan_converters_43_inl.h', 436, 420 ]
269 silly gunzTarPerm extractEntry nan_converters_pre_43_inl.h
270 silly gunzTarPerm modified mode [ 'nan_converters_pre_43_inl.h', 436, 420 ]
271 silly gunzTarPerm extractEntry nan_implementation_12_inl.h
272 silly gunzTarPerm modified mode [ 'nan_implementation_12_inl.h', 436, 420 ]
273 silly gunzTarPerm extractEntry nan_implementation_pre_12_inl.h
274 silly gunzTarPerm modified mode [ 'nan_implementation_pre_12_inl.h', 436, 420 ]
275 silly gunzTarPerm extractEntry nan_maybe_43_inl.h
276 silly gunzTarPerm modified mode [ 'nan_maybe_43_inl.h', 436, 420 ]
277 silly gunzTarPerm extractEntry nan_maybe_pre_43_inl.h
278 silly gunzTarPerm modified mode [ 'nan_maybe_pre_43_inl.h', 436, 420 ]
279 silly gunzTarPerm extractEntry nan_new.h
280 silly gunzTarPerm modified mode [ 'nan_new.h', 436, 420 ]
281 silly gentlyRm /Users/itagakishintarou/git/myhubot/node_modules/.staging/time-2fc661dd/node_modules is being purged
282 verbose gentlyRm don't care about contents; nuking /Users/itagakishintarou/git/myhubot/node_modules/.staging/time-2fc661dd/node_modules
283 silly gunzTarPerm extractEntry nan_object_wrap.h
284 silly gunzTarPerm modified mode [ 'nan_object_wrap.h', 436, 420 ]
285 silly gunzTarPerm extractEntry nan_persistent_12_inl.h
286 silly gunzTarPerm modified mode [ 'nan_persistent_12_inl.h', 436, 420 ]
287 silly gunzTarPerm extractEntry nan_persistent_pre_12_inl.h
288 silly gunzTarPerm modified mode [ 'nan_persistent_pre_12_inl.h', 436, 420 ]
289 silly gunzTarPerm extractEntry nan_string_bytes.h
290 silly gunzTarPerm modified mode [ 'nan_string_bytes.h', 436, 420 ]
291 silly gunzTarPerm extractEntry nan_typedarray_contents.h
292 silly gunzTarPerm modified mode [ 'nan_typedarray_contents.h', 436, 420 ]
293 silly gunzTarPerm extractEntry nan_weak.h
294 silly gunzTarPerm modified mode [ 'nan_weak.h', 436, 420 ]
295 silly gunzTarPerm extractEntry CHANGELOG.md
296 silly gunzTarPerm modified mode [ 'CHANGELOG.md', 436, 420 ]
297 silly gunzTarPerm extractEntry tools/package.json
298 silly gunzTarPerm modified mode [ 'tools/package.json', 436, 420 ]
299 silly gunzTarPerm extractEntry tools/README.md
300 silly gunzTarPerm modified mode [ 'tools/README.md', 436, 420 ]
301 silly gunzTarPerm extractEntry tools/1to2.js
302 silly gunzTarPerm modified mode [ 'tools/1to2.js', 509, 493 ]
303 silly gentlyRm /Users/itagakishintarou/git/myhubot/node_modules/.staging/nan-3b408e13/node_modules is being purged
304 verbose gentlyRm don't care about contents; nuking /Users/itagakishintarou/git/myhubot/node_modules/.staging/nan-3b408e13/node_modules
305 silly doParallel preinstall 3
306 silly preinstall bindings@1.2.1 /Users/itagakishintarou/git/myhubot/node_modules/.staging/bindings-2cff9463
307 info lifecycle bindings@1.2.1~preinstall: bindings@1.2.1
308 silly preinstall nan@2.2.1 /Users/itagakishintarou/git/myhubot/node_modules/.staging/nan-3b408e13
309 info lifecycle nan@2.2.1~preinstall: nan@2.2.1
310 silly preinstall time@0.11.4 /Users/itagakishintarou/git/myhubot/node_modules/.staging/time-2fc661dd
311 info lifecycle time@0.11.4~preinstall: time@0.11.4
312 silly lifecycle bindings@1.2.1~preinstall: no script for preinstall, continuing
313 silly lifecycle nan@2.2.1~preinstall: no script for preinstall, continuing
314 silly lifecycle time@0.11.4~preinstall: no script for preinstall, continuing
315 silly doReverseSerial remove 0
316 silly doSerial move 0
317 silly doSerial finalize 3
318 silly finalize /Users/itagakishintarou/git/myhubot/node_modules/bindings
319 silly finalize /Users/itagakishintarou/git/myhubot/node_modules/nan
320 silly finalize /Users/itagakishintarou/git/myhubot/node_modules/time
321 silly doSerial build 3
322 silly build bindings@1.2.1
323 info linkStuff bindings@1.2.1
324 silly linkStuff bindings@1.2.1 has /Users/itagakishintarou/git/myhubot/node_modules as its parent node_modules
325 verbose linkBins bindings@1.2.1
326 verbose linkMans bindings@1.2.1
327 silly build nan@2.2.1
328 info linkStuff nan@2.2.1
329 silly linkStuff nan@2.2.1 has /Users/itagakishintarou/git/myhubot/node_modules as its parent node_modules
330 verbose linkBins nan@2.2.1
331 verbose linkMans nan@2.2.1
332 silly build time@0.11.4
333 info linkStuff time@0.11.4
334 silly linkStuff time@0.11.4 has /Users/itagakishintarou/git/myhubot/node_modules as its parent node_modules
335 verbose linkBins time@0.11.4
336 verbose linkMans time@0.11.4
337 silly doSerial global-link 0
338 silly doParallel update-linked 0
339 silly doSerial install 3
340 silly install bindings@1.2.1 /Users/itagakishintarou/git/myhubot/node_modules/.staging/bindings-2cff9463
341 info lifecycle bindings@1.2.1~install: bindings@1.2.1
342 silly lifecycle bindings@1.2.1~install: no script for install, continuing
343 silly install nan@2.2.1 /Users/itagakishintarou/git/myhubot/node_modules/.staging/nan-3b408e13
344 info lifecycle nan@2.2.1~install: nan@2.2.1
345 silly lifecycle nan@2.2.1~install: no script for install, continuing
346 silly install time@0.11.4 /Users/itagakishintarou/git/myhubot/node_modules/.staging/time-2fc661dd
347 info lifecycle time@0.11.4~install: time@0.11.4
348 verbose lifecycle time@0.11.4~install: unsafe-perm in lifecycle false
349 verbose lifecycle time@0.11.4~install: PATH: /usr/local/lib/node_modules/npm/bin/node-gyp-bin:/Users/itagakishintarou/git/myhubot/node_modules/time/node_modules/.bin:/Users/itagakishintarou/git/myhubot/node_modules/.bin:/Users/itagakishintarou/.gvm/vertx/current/bin:/Users/itagakishintarou/.gvm/springboot/current/bin:/Users/itagakishintarou/.gvm/lazybones/current/bin:/Users/itagakishintarou/.gvm/jbake/current/bin:/Users/itagakishintarou/.gvm/groovyserv/current/bin:/Users/itagakishintarou/.gvm/groovy/current/bin:/Users/itagakishintarou/.gvm/griffon/current/bin:/Users/itagakishintarou/.gvm/grails/current/bin:/Users/itagakishintarou/.gvm/gradle/current/bin:/Users/itagakishintarou/.gvm/glide/current/bin:/Users/itagakishintarou/.gvm/gaiden/current/bin:/Users/itagakishintarou/.gvm/crash/current/bin:/Users/itagakishintarou/.pyenv/shims:/Users/itagakishintarou/.pyenv/bin:/Users/itagakishintarou/.pyenv/shims:/Users/itagakishintarou/.rbenv/shims:/usr/local/heroku/bin:/usr/local/bin:/usr/bin:/bin:/usr/sbin:/sbin:/opt/X11/bin:/usr/local/git/bin:/Applications/XAMPP/bin
350 verbose lifecycle time@0.11.4~install: CWD: /Users/itagakishintarou/git/myhubot/node_modules/time
351 silly lifecycle time@0.11.4~install: Args: [ '-c', 'node-gyp rebuild' ]
352 silly lifecycle time@0.11.4~install: Returned: code: 1  signal: null
353 info lifecycle time@0.11.4~install: Failed to exec install script
354 verbose unlock done using /Users/itagakishintarou/.npm/_locks/staging-0bc0308bd5853c07.lock for /Users/itagakishintarou/git/myhubot/node_modules/.staging
355 silly rollbackFailedOptional Starting
356 silly rollbackFailedOptional Finishing
357 silly runTopLevelLifecycles Starting
358 silly runTopLevelLifecycles Finishing
359 silly install printInstalled
360 verbose stack Error: time@0.11.4 install: `node-gyp rebuild`
360 verbose stack Exit status 1
360 verbose stack     at EventEmitter.<anonymous> (/usr/local/lib/node_modules/npm/lib/utils/lifecycle.js:232:16)
360 verbose stack     at emitTwo (events.js:88:13)
360 verbose stack     at EventEmitter.emit (events.js:173:7)
360 verbose stack     at ChildProcess.<anonymous> (/usr/local/lib/node_modules/npm/lib/utils/spawn.js:24:14)
360 verbose stack     at emitTwo (events.js:88:13)
360 verbose stack     at ChildProcess.emit (events.js:173:7)
360 verbose stack     at maybeClose (internal/child_process.js:819:16)
360 verbose stack     at Process.ChildProcess._handle.onexit (internal/child_process.js:212:5)
361 verbose pkgid time@0.11.4
362 verbose cwd /Users/itagakishintarou/git/myhubot
363 error Darwin 15.4.0
364 error argv "/usr/local/bin/node" "/usr/local/bin/npm" "install" "--save" "time"
365 error node v5.2.0
366 error npm  v3.5.3
367 error code ELIFECYCLE
368 error time@0.11.4 install: `node-gyp rebuild`
368 error Exit status 1
369 error Failed at the time@0.11.4 install script 'node-gyp rebuild'.
369 error Make sure you have the latest version of node.js and npm installed.
369 error If you do, this is most likely a problem with the time package,
369 error not with npm itself.
369 error Tell the author that this fails on your system:
369 error     node-gyp rebuild
369 error You can get information on how to open an issue for this project with:
369 error     npm bugs time
369 error Or if that isn't available, you can get their info via:
369 error     npm owner ls time
369 error There is likely additional logging output above.
370 verbose exit [ 1, true ]
